OSS: Resource Management System Started
OSS: Process P0 created at time 0:0
OSS: Process P1 created at time 0:887493
Master has detected Process P0 requesting R0 at time 0:76699572
Master granting P0 request R0 at time 0:76699572
Master has detected Process P1 requesting R2 at time 0:187995927
Master granting P1 request R2 at time 0:187995927

Current Resource Table (Time 0:500213023):
   | R0 R1 R2 R3 R4
---+---------------
P0 | 1  0  0  0  0 
P1 | 0  0  1  0  0 
AV | 9  10  9  10  10 

Current Resource Table (Time 0:501003918):
   | R0 R1 R2 R3 R4
---+---------------
P0 | 1  0  0  0  0 
P1 | 0  0  1  0  0 
AV | 9  10  9  10  10 

Current Resource Table (Time 0:501852173):
   | R0 R1 R2 R3 R4
---+---------------
P0 | 1  0  0  0  0 
P1 | 0  0  1  0  0 
AV | 9  10  9  10  10 

Current Resource Table (Time 0:502076303):
   | R0 R1 R2 R3 R4
---+---------------
P0 | 1  0  0  0  0 
P1 | 0  0  1  0  0 
AV | 9  10  9  10  10 

Current Resource Table (Time 0:502644017):
   | R0 R1 R2 R3 R4
---+---------------
P0 | 1  0  0  0  0 
P1 | 0  0  1  0  0 
AV | 9  10  9  10  10 

Current Resource Table (Time 0:503213054):
   | R0 R1 R2 R3 R4
---+---------------
P0 | 1  0  0  0  0 
P1 | 0  0  1  0  0 
AV | 9  10  9  10  10 

Current Resource Table (Time 0:503715349):
   | R0 R1 R2 R3 R4
---+---------------
P0 | 1  0  0  0  0 
P1 | 0  0  1  0  0 
AV | 9  10  9  10  10 

Current Resource Table (Time 0:504394280):
   | R0 R1 R2 R3 R4
---+---------------
P0 | 1  0  0  0  0 
P1 | 0  0  1  0  0 
AV | 9  10  9  10  10 

Current Resource Table (Time 0:504623604):
   | R0 R1 R2 R3 R4
---+---------------
P0 | 1  0  0  0  0 
P1 | 0  0  1  0  0 
AV | 9  10  9  10  10 

Current Resource Table (Time 0:505274455):
   | R0 R1 R2 R3 R4
---+---------------
P0 | 1  0  0  0  0 
P1 | 0  0  1  0  0 
AV | 9  10  9  10  10 

Current Resource Table (Time 0:505577730):
   | R0 R1 R2 R3 R4
---+---------------
P0 | 1  0  0  0  0 
P1 | 0  0  1  0  0 
AV | 9  10  9  10  10 

Current Resource Table (Time 0:506052994):
   | R0 R1 R2 R3 R4
---+---------------
P0 | 1  0  0  0  0 
P1 | 0  0  1  0  0 
AV | 9  10  9  10  10 

Current Resource Table (Time 0:506600987):
   | R0 R1 R2 R3 R4
---+---------------
P0 | 1  0  0  0  0 
P1 | 0  0  1  0  0 
AV | 9  10  9  10  10 

Current Resource Table (Time 0:506808122):
   | R0 R1 R2 R3 R4
---+---------------
P0 | 1  0  0  0  0 
P1 | 0  0  1  0  0 
AV | 9  10  9  10  10 

Current Resource Table (Time 0:507111655):
   | R0 R1 R2 R3 R4
---+---------------
P0 | 1  0  0  0  0 
P1 | 0  0  1  0  0 
AV | 9  10  9  10  10 

Current Resource Table (Time 0:507331750):
   | R0 R1 R2 R3 R4
---+---------------
P0 | 1  0  0  0  0 
P1 | 0  0  1  0  0 
AV | 9  10  9  10  10 

Current Resource Table (Time 0:508129433):
   | R0 R1 R2 R3 R4
---+---------------
P0 | 1  0  0  0  0 
P1 | 0  0  1  0  0 
AV | 9  10  9  10  10 

Current Resource Table (Time 0:509134593):
   | R0 R1 R2 R3 R4
---+---------------
P0 | 1  0  0  0  0 
P1 | 0  0  1  0  0 
AV | 9  10  9  10  10 

Current Resource Table (Time 0:509906269):
   | R0 R1 R2 R3 R4
---+---------------
P0 | 1  0  0  0  0 
P1 | 0  0  1  0  0 
AV | 9  10  9  10  10 

Current Resource Table (Time 0:510244868):
   | R0 R1 R2 R3 R4
---+---------------
P0 | 1  0  0  0  0 
P1 | 0  0  1  0  0 
AV | 9  10  9  10  10 

Current Resource Table (Time 0:511041986):
   | R0 R1 R2 R3 R4
---+---------------
P0 | 1  0  0  0  0 
P1 | 0  0  1  0  0 
AV | 9  10  9  10  10 

Current Resource Table (Time 0:511140697):
   | R0 R1 R2 R3 R4
---+---------------
P0 | 1  0  0  0  0 
P1 | 0  0  1  0  0 
AV | 9  10  9  10  10 

Current Resource Table (Time 0:511381505):
   | R0 R1 R2 R3 R4
---+---------------
P0 | 1  0  0  0  0 
P1 | 0  0  1  0  0 
AV | 9  10  9  10  10 

Current Resource Table (Time 0:511672937):
   | R0 R1 R2 R3 R4
---+---------------
P0 | 1  0  0  0  0 
P1 | 0  0  1  0  0 
AV | 9  10  9  10  10 

Current Resource Table (Time 0:512029718):
   | R0 R1 R2 R3 R4
---+---------------
P0 | 1  0  0  0  0 
P1 | 0  0  1  0  0 
AV | 9  10  9  10  10 

Current Resource Table (Time 0:512225544):
   | R0 R1 R2 R3 R4
---+---------------
P0 | 1  0  0  0  0 
P1 | 0  0  1  0  0 
AV | 9  10  9  10  10 

Current Resource Table (Time 0:512297441):
   | R0 R1 R2 R3 R4
---+---------------
P0 | 1  0  0  0  0 
P1 | 0  0  1  0  0 
AV | 9  10  9  10  10 

Current Resource Table (Time 0:512745625):
   | R0 R1 R2 R3 R4
---+---------------
P0 | 1  0  0  0  0 
P1 | 0  0  1  0  0 
AV | 9  10  9  10  10 

Current Resource Table (Time 0:513356425):
   | R0 R1 R2 R3 R4
---+---------------
P0 | 1  0  0  0  0 
P1 | 0  0  1  0  0 
AV | 9  10  9  10  10 

Current Resource Table (Time 0:513389950):
   | R0 R1 R2 R3 R4
---+---------------
P0 | 1  0  0  0  0 
P1 | 0  0  1  0  0 
AV | 9  10  9  10  10 

Current Resource Table (Time 0:514235011):
   | R0 R1 R2 R3 R4
---+---------------
P0 | 1  0  0  0  0 
P1 | 0  0  1  0  0 
AV | 9  10  9  10  10 

Current Resource Table (Time 0:515111509):
   | R0 R1 R2 R3 R4
---+---------------
P0 | 1  0  0  0  0 
P1 | 0  0  1  0  0 
AV | 9  10  9  10  10 

Current Resource Table (Time 0:515925930):
   | R0 R1 R2 R3 R4
---+---------------
P0 | 1  0  0  0  0 
P1 | 0  0  1  0  0 
AV | 9  10  9  10  10 

Current Resource Table (Time 0:516125598):
   | R0 R1 R2 R3 R4
---+---------------
P0 | 1  0  0  0  0 
P1 | 0  0  1  0  0 
AV | 9  10  9  10  10 

Current Resource Table (Time 0:516732578):
   | R0 R1 R2 R3 R4
---+---------------
P0 | 1  0  0  0  0 
P1 | 0  0  1  0  0 
AV | 9  10  9  10  10 

Current Resource Table (Time 0:517621065):
   | R0 R1 R2 R3 R4
---+---------------
P0 | 1  0  0  0  0 
P1 | 0  0  1  0  0 
AV | 9  10  9  10  10 

Current Resource Table (Time 0:517896122):
   | R0 R1 R2 R3 R4
---+---------------
P0 | 1  0  0  0  0 
P1 | 0  0  1  0  0 
AV | 9  10  9  10  10 

Current Resource Table (Time 0:517995397):
   | R0 R1 R2 R3 R4
---+---------------
P0 | 1  0  0  0  0 
P1 | 0  0  1  0  0 
AV | 9  10  9  10  10 

Current Resource Table (Time 0:518552815):
   | R0 R1 R2 R3 R4
---+---------------
P0 | 1  0  0  0  0 
P1 | 0  0  1  0  0 
AV | 9  10  9  10  10 

Current Resource Table (Time 0:519047196):
   | R0 R1 R2 R3 R4
---+---------------
P0 | 1  0  0  0  0 
P1 | 0  0  1  0  0 
AV | 9  10  9  10  10 

Current Resource Table (Time 0:519787322):
   | R0 R1 R2 R3 R4
---+---------------
P0 | 1  0  0  0  0 
P1 | 0  0  1  0  0 
AV | 9  10  9  10  10 

Current Resource Table (Time 0:520154368):
   | R0 R1 R2 R3 R4
---+---------------
P0 | 1  0  0  0  0 
P1 | 0  0  1  0  0 
AV | 9  10  9  10  10 

Current Resource Table (Time 0:520630365):
   | R0 R1 R2 R3 R4
---+---------------
P0 | 1  0  0  0  0 
P1 | 0  0  1  0  0 
AV | 9  10  9  10  10 

Current Resource Table (Time 0:521424836):
   | R0 R1 R2 R3 R4
---+---------------
P0 | 1  0  0  0  0 
P1 | 0  0  1  0  0 
AV | 9  10  9  10  10 

Current Resource Table (Time 0:521505369):
   | R0 R1 R2 R3 R4
---+---------------
P0 | 1  0  0  0  0 
P1 | 0  0  1  0  0 
AV | 9  10  9  10  10 

Current Resource Table (Time 0:522274900):
   | R0 R1 R2 R3 R4
---+---------------
P0 | 1  0  0  0  0 
P1 | 0  0  1  0  0 
AV | 9  10  9  10  10 

Current Resource Table (Time 0:523279466):
   | R0 R1 R2 R3 R4
---+---------------
P0 | 1  0  0  0  0 
P1 | 0  0  1  0  0 
AV | 9  10  9  10  10 

Current Resource Table (Time 0:523664034):
   | R0 R1 R2 R3 R4
---+---------------
P0 | 1  0  0  0  0 
P1 | 0  0  1  0  0 
AV | 9  10  9  10  10 

Current Resource Table (Time 0:523945077):
   | R0 R1 R2 R3 R4
---+---------------
P0 | 1  0  0  0  0 
P1 | 0  0  1  0  0 
AV | 9  10  9  10  10 

Current Resource Table (Time 0:524711320):
   | R0 R1 R2 R3 R4
---+---------------
P0 | 1  0  0  0  0 
P1 | 0  0  1  0  0 
AV | 9  10  9  10  10 

Current Resource Table (Time 0:524940839):
   | R0 R1 R2 R3 R4
---+---------------
P0 | 1  0  0  0  0 
P1 | 0  0  1  0  0 
AV | 9  10  9  10  10 

Current Resource Table (Time 0:525009001):
   | R0 R1 R2 R3 R4
---+---------------
P0 | 1  0  0  0  0 
P1 | 0  0  1  0  0 
AV | 9  10  9  10  10 

Current Resource Table (Time 0:525380307):
   | R0 R1 R2 R3 R4
---+---------------
P0 | 1  0  0  0  0 
P1 | 0  0  1  0  0 
AV | 9  10  9  10  10 

Current Resource Table (Time 0:525840634):
   | R0 R1 R2 R3 R4
---+---------------
P0 | 1  0  0  0  0 
P1 | 0  0  1  0  0 
AV | 9  10  9  10  10 

Current Resource Table (Time 0:526706580):
   | R0 R1 R2 R3 R4
---+---------------
P0 | 1  0  0  0  0 
P1 | 0  0  1  0  0 
AV | 9  10  9  10  10 

Current Resource Table (Time 0:527424667):
   | R0 R1 R2 R3 R4
---+---------------
P0 | 1  0  0  0  0 
P1 | 0  0  1  0  0 
AV | 9  10  9  10  10 

Current Resource Table (Time 0:528070821):
   | R0 R1 R2 R3 R4
---+---------------
P0 | 1  0  0  0  0 
P1 | 0  0  1  0  0 
AV | 9  10  9  10  10 

Current Resource Table (Time 0:528515016):
   | R0 R1 R2 R3 R4
---+---------------
P0 | 1  0  0  0  0 
P1 | 0  0  1  0  0 
AV | 9  10  9  10  10 

Current Resource Table (Time 0:529187640):
   | R0 R1 R2 R3 R4
---+---------------
P0 | 1  0  0  0  0 
P1 | 0  0  1  0  0 
AV | 9  10  9  10  10 

Current Resource Table (Time 0:529950946):
   | R0 R1 R2 R3 R4
---+---------------
P0 | 1  0  0  0  0 
P1 | 0  0  1  0  0 
AV | 9  10  9  10  10 

Current Resource Table (Time 0:530418667):
   | R0 R1 R2 R3 R4
---+---------------
P0 | 1  0  0  0  0 
P1 | 0  0  1  0  0 
AV | 9  10  9  10  10 

Current Resource Table (Time 0:530442704):
   | R0 R1 R2 R3 R4
---+---------------
P0 | 1  0  0  0  0 
P1 | 0  0  1  0  0 
AV | 9  10  9  10  10 

Current Resource Table (Time 0:531072508):
   | R0 R1 R2 R3 R4
---+---------------
P0 | 1  0  0  0  0 
P1 | 0  0  1  0  0 
AV | 9  10  9  10  10 

Current Resource Table (Time 0:531344650):
   | R0 R1 R2 R3 R4
---+---------------
P0 | 1  0  0  0  0 
P1 | 0  0  1  0  0 
AV | 9  10  9  10  10 

Current Resource Table (Time 0:532074707):
   | R0 R1 R2 R3 R4
---+---------------
P0 | 1  0  0  0  0 
P1 | 0  0  1  0  0 
AV | 9  10  9  10  10 

Current Resource Table (Time 0:532301492):
   | R0 R1 R2 R3 R4
---+---------------
P0 | 1  0  0  0  0 
P1 | 0  0  1  0  0 
AV | 9  10  9  10  10 

Current Resource Table (Time 0:532968473):
   | R0 R1 R2 R3 R4
---+---------------
P0 | 1  0  0  0  0 
P1 | 0  0  1  0  0 
AV | 9  10  9  10  10 

Current Resource Table (Time 0:533963587):
   | R0 R1 R2 R3 R4
---+---------------
P0 | 1  0  0  0  0 
P1 | 0  0  1  0  0 
AV | 9  10  9  10  10 

Current Resource Table (Time 0:534279647):
   | R0 R1 R2 R3 R4
---+---------------
P0 | 1  0  0  0  0 
P1 | 0  0  1  0  0 
AV | 9  10  9  10  10 

Current Resource Table (Time 0:535010398):
   | R0 R1 R2 R3 R4
---+---------------
P0 | 1  0  0  0  0 
P1 | 0  0  1  0  0 
AV | 9  10  9  10  10 

Current Resource Table (Time 0:535489893):
   | R0 R1 R2 R3 R4
---+---------------
P0 | 1  0  0  0  0 
P1 | 0  0  1  0  0 
AV | 9  10  9  10  10 

Current Resource Table (Time 0:536052432):
   | R0 R1 R2 R3 R4
---+---------------
P0 | 1  0  0  0  0 
P1 | 0  0  1  0  0 
AV | 9  10  9  10  10 

Current Resource Table (Time 0:536140229):
   | R0 R1 R2 R3 R4
---+---------------
P0 | 1  0  0  0  0 
P1 | 0  0  1  0  0 
AV | 9  10  9  10  10 

Current Resource Table (Time 0:537085721):
   | R0 R1 R2 R3 R4
---+---------------
P0 | 1  0  0  0  0 
P1 | 0  0  1  0  0 
AV | 9  10  9  10  10 

Current Resource Table (Time 0:537432731):
   | R0 R1 R2 R3 R4
---+---------------
P0 | 1  0  0  0  0 
P1 | 0  0  1  0  0 
AV | 9  10  9  10  10 

Current Resource Table (Time 0:538107414):
   | R0 R1 R2 R3 R4
---+---------------
P0 | 1  0  0  0  0 
P1 | 0  0  1  0  0 
AV | 9  10  9  10  10 

Current Resource Table (Time 0:538328789):
   | R0 R1 R2 R3 R4
---+---------------
P0 | 1  0  0  0  0 
P1 | 0  0  1  0  0 
AV | 9  10  9  10  10 

Current Resource Table (Time 0:539186718):
   | R0 R1 R2 R3 R4
---+---------------
P0 | 1  0  0  0  0 
P1 | 0  0  1  0  0 
AV | 9  10  9  10  10 

Current Resource Table (Time 0:539235969):
   | R0 R1 R2 R3 R4
---+---------------
P0 | 1  0  0  0  0 
P1 | 0  0  1  0  0 
AV | 9  10  9  10  10 

Current Resource Table (Time 0:539728388):
   | R0 R1 R2 R3 R4
---+---------------
P0 | 1  0  0  0  0 
P1 | 0  0  1  0  0 
AV | 9  10  9  10  10 

Current Resource Table (Time 0:539858912):
   | R0 R1 R2 R3 R4
---+---------------
P0 | 1  0  0  0  0 
P1 | 0  0  1  0  0 
AV | 9  10  9  10  10 

Current Resource Table (Time 0:540127683):
   | R0 R1 R2 R3 R4
---+---------------
P0 | 1  0  0  0  0 
P1 | 0  0  1  0  0 
AV | 9  10  9  10  10 

Current Resource Table (Time 0:540194616):
   | R0 R1 R2 R3 R4
---+---------------
P0 | 1  0  0  0  0 
P1 | 0  0  1  0  0 
AV | 9  10  9  10  10 

Current Resource Table (Time 0:541202798):
   | R0 R1 R2 R3 R4
---+---------------
P0 | 1  0  0  0  0 
P1 | 0  0  1  0  0 
AV | 9  10  9  10  10 

Current Resource Table (Time 0:541921896):
   | R0 R1 R2 R3 R4
---+---------------
P0 | 1  0  0  0  0 
P1 | 0  0  1  0  0 
AV | 9  10  9  10  10 

Current Resource Table (Time 0:542361127):
   | R0 R1 R2 R3 R4
---+---------------
P0 | 1  0  0  0  0 
P1 | 0  0  1  0  0 
AV | 9  10  9  10  10 

Current Resource Table (Time 0:543077397):
   | R0 R1 R2 R3 R4
---+---------------
P0 | 1  0  0  0  0 
P1 | 0  0  1  0  0 
AV | 9  10  9  10  10 

Current Resource Table (Time 0:543949001):
   | R0 R1 R2 R3 R4
---+---------------
P0 | 1  0  0  0  0 
P1 | 0  0  1  0  0 
AV | 9  10  9  10  10 

Current Resource Table (Time 0:544822427):
   | R0 R1 R2 R3 R4
---+---------------
P0 | 1  0  0  0  0 
P1 | 0  0  1  0  0 
AV | 9  10  9  10  10 

Current Resource Table (Time 0:545201321):
   | R0 R1 R2 R3 R4
---+---------------
P0 | 1  0  0  0  0 
P1 | 0  0  1  0  0 
AV | 9  10  9  10  10 

Current Resource Table (Time 0:545826232):
   | R0 R1 R2 R3 R4
---+---------------
P0 | 1  0  0  0  0 
P1 | 0  0  1  0  0 
AV | 9  10  9  10  10 

Current Resource Table (Time 0:546157379):
   | R0 R1 R2 R3 R4
---+---------------
P0 | 1  0  0  0  0 
P1 | 0  0  1  0  0 
AV | 9  10  9  10  10 

Current Resource Table (Time 0:547066662):
   | R0 R1 R2 R3 R4
---+---------------
P0 | 1  0  0  0  0 
P1 | 0  0  1  0  0 
AV | 9  10  9  10  10 

Current Resource Table (Time 0:547311377):
   | R0 R1 R2 R3 R4
---+---------------
P0 | 1  0  0  0  0 
P1 | 0  0  1  0  0 
AV | 9  10  9  10  10 

Current Resource Table (Time 0:547421018):
   | R0 R1 R2 R3 R4
---+---------------
P0 | 1  0  0  0  0 
P1 | 0  0  1  0  0 
AV | 9  10  9  10  10 

Current Resource Table (Time 0:548050358):
   | R0 R1 R2 R3 R4
---+---------------
P0 | 1  0  0  0  0 
P1 | 0  0  1  0  0 
AV | 9  10  9  10  10 

Current Resource Table (Time 0:549028210):
   | R0 R1 R2 R3 R4
---+---------------
P0 | 1  0  0  0  0 
P1 | 0  0  1  0  0 
AV | 9  10  9  10  10 

Current Resource Table (Time 0:549311184):
   | R0 R1 R2 R3 R4
---+---------------
P0 | 1  0  0  0  0 
P1 | 0  0  1  0  0 
AV | 9  10  9  10  10 

Current Resource Table (Time 0:549925638):
   | R0 R1 R2 R3 R4
---+---------------
P0 | 1  0  0  0  0 
P1 | 0  0  1  0  0 
AV | 9  10  9  10  10 

Current Resource Table (Time 0:550209551):
   | R0 R1 R2 R3 R4
---+---------------
P0 | 1  0  0  0  0 
P1 | 0  0  1  0  0 
AV | 9  10  9  10  10 

Current Resource Table (Time 0:551213277):
   | R0 R1 R2 R3 R4
---+---------------
P0 | 1  0  0  0  0 
P1 | 0  0  1  0  0 
AV | 9  10  9  10  10 

Current Resource Table (Time 0:551813578):
   | R0 R1 R2 R3 R4
---+---------------
P0 | 1  0  0  0  0 
P1 | 0  0  1  0  0 
AV | 9  10  9  10  10 

Current Resource Table (Time 0:552650030):
   | R0 R1 R2 R3 R4
---+---------------
P0 | 1  0  0  0  0 
P1 | 0  0  1  0  0 
AV | 9  10  9  10  10 

Current Resource Table (Time 0:553247905):
   | R0 R1 R2 R3 R4
---+---------------
P0 | 1  0  0  0  0 
P1 | 0  0  1  0  0 
AV | 9  10  9  10  10 

Current Resource Table (Time 0:553783698):
   | R0 R1 R2 R3 R4
---+---------------
P0 | 1  0  0  0  0 
P1 | 0  0  1  0  0 
AV | 9  10  9  10  10 

Current Resource Table (Time 0:554473512):
   | R0 R1 R2 R3 R4
---+---------------
P0 | 1  0  0  0  0 
P1 | 0  0  1  0  0 
AV | 9  10  9  10  10 

Current Resource Table (Time 0:554736070):
   | R0 R1 R2 R3 R4
---+---------------
P0 | 1  0  0  0  0 
P1 | 0  0  1  0  0 
AV | 9  10  9  10  10 

Current Resource Table (Time 0:554999591):
   | R0 R1 R2 R3 R4
---+---------------
P0 | 1  0  0  0  0 
P1 | 0  0  1  0  0 
AV | 9  10  9  10  10 

Current Resource Table (Time 0:555537334):
   | R0 R1 R2 R3 R4
---+---------------
P0 | 1  0  0  0  0 
P1 | 0  0  1  0  0 
AV | 9  10  9  10  10 

Current Resource Table (Time 0:555839144):
   | R0 R1 R2 R3 R4
---+---------------
P0 | 1  0  0  0  0 
P1 | 0  0  1  0  0 
AV | 9  10  9  10  10 

Current Resource Table (Time 0:556101436):
   | R0 R1 R2 R3 R4
---+---------------
P0 | 1  0  0  0  0 
P1 | 0  0  1  0  0 
AV | 9  10  9  10  10 

Current Resource Table (Time 0:556276055):
   | R0 R1 R2 R3 R4
---+---------------
P0 | 1  0  0  0  0 
P1 | 0  0  1  0  0 
AV | 9  10  9  10  10 

Current Resource Table (Time 0:556352988):
   | R0 R1 R2 R3 R4
---+---------------
P0 | 1  0  0  0  0 
P1 | 0  0  1  0  0 
AV | 9  10  9  10  10 

Current Resource Table (Time 0:557188565):
   | R0 R1 R2 R3 R4
---+---------------
P0 | 1  0  0  0  0 
P1 | 0  0  1  0  0 
AV | 9  10  9  10  10 

Current Resource Table (Time 0:557361367):
   | R0 R1 R2 R3 R4
---+---------------
P0 | 1  0  0  0  0 
P1 | 0  0  1  0  0 
AV | 9  10  9  10  10 

Current Resource Table (Time 0:558147398):
   | R0 R1 R2 R3 R4
---+---------------
P0 | 1  0  0  0  0 
P1 | 0  0  1  0  0 
AV | 9  10  9  10  10 

Current Resource Table (Time 0:558412206):
   | R0 R1 R2 R3 R4
---+---------------
P0 | 1  0  0  0  0 
P1 | 0  0  1  0  0 
AV | 9  10  9  10  10 

Current Resource Table (Time 0:558807630):
   | R0 R1 R2 R3 R4
---+---------------
P0 | 1  0  0  0  0 
P1 | 0  0  1  0  0 
AV | 9  10  9  10  10 

Current Resource Table (Time 0:558971618):
   | R0 R1 R2 R3 R4
---+---------------
P0 | 1  0  0  0  0 
P1 | 0  0  1  0  0 
AV | 9  10  9  10  10 

Current Resource Table (Time 0:559099852):
   | R0 R1 R2 R3 R4
---+---------------
P0 | 1  0  0  0  0 
P1 | 0  0  1  0  0 
AV | 9  10  9  10  10 

Current Resource Table (Time 0:559864170):
   | R0 R1 R2 R3 R4
---+---------------
P0 | 1  0  0  0  0 
P1 | 0  0  1  0  0 
AV | 9  10  9  10  10 

Current Resource Table (Time 0:560159421):
   | R0 R1 R2 R3 R4
---+---------------
P0 | 1  0  0  0  0 
P1 | 0  0  1  0  0 
AV | 9  10  9  10  10 

Current Resource Table (Time 0:561125155):
   | R0 R1 R2 R3 R4
---+---------------
P0 | 1  0  0  0  0 
P1 | 0  0  1  0  0 
AV | 9  10  9  10  10 

Current Resource Table (Time 0:561305108):
   | R0 R1 R2 R3 R4
---+---------------
P0 | 1  0  0  0  0 
P1 | 0  0  1  0  0 
AV | 9  10  9  10  10 

Current Resource Table (Time 0:561835074):
   | R0 R1 R2 R3 R4
---+---------------
P0 | 1  0  0  0  0 
P1 | 0  0  1  0  0 
AV | 9  10  9  10  10 

Current Resource Table (Time 0:562416801):
   | R0 R1 R2 R3 R4
---+---------------
P0 | 1  0  0  0  0 
P1 | 0  0  1  0  0 
AV | 9  10  9  10  10 

Current Resource Table (Time 0:563216094):
   | R0 R1 R2 R3 R4
---+---------------
P0 | 1  0  0  0  0 
P1 | 0  0  1  0  0 
AV | 9  10  9  10  10 

Current Resource Table (Time 0:563230265):
   | R0 R1 R2 R3 R4
---+---------------
P0 | 1  0  0  0  0 
P1 | 0  0  1  0  0 
AV | 9  10  9  10  10 

Current Resource Table (Time 0:564084967):
   | R0 R1 R2 R3 R4
---+---------------
P0 | 1  0  0  0  0 
P1 | 0  0  1  0  0 
AV | 9  10  9  10  10 

Current Resource Table (Time 0:564488714):
   | R0 R1 R2 R3 R4
---+---------------
P0 | 1  0  0  0  0 
P1 | 0  0  1  0  0 
AV | 9  10  9  10  10 

Current Resource Table (Time 0:564776798):
   | R0 R1 R2 R3 R4
---+---------------
P0 | 1  0  0  0  0 
P1 | 0  0  1  0  0 
AV | 9  10  9  10  10 

Current Resource Table (Time 0:565141578):
   | R0 R1 R2 R3 R4
---+---------------
P0 | 1  0  0  0  0 
P1 | 0  0  1  0  0 
AV | 9  10  9  10  10 

Current Resource Table (Time 0:565651978):
   | R0 R1 R2 R3 R4
---+---------------
P0 | 1  0  0  0  0 
P1 | 0  0  1  0  0 
AV | 9  10  9  10  10 

Current Resource Table (Time 0:566282866):
   | R0 R1 R2 R3 R4
---+---------------
P0 | 1  0  0  0  0 
P1 | 0  0  1  0  0 
AV | 9  10  9  10  10 

Current Resource Table (Time 0:567235521):
   | R0 R1 R2 R3 R4
---+---------------
P0 | 1  0  0  0  0 
P1 | 0  0  1  0  0 
AV | 9  10  9  10  10 

Current Resource Table (Time 0:567788066):
   | R0 R1 R2 R3 R4
---+---------------
P0 | 1  0  0  0  0 
P1 | 0  0  1  0  0 
AV | 9  10  9  10  10 

Current Resource Table (Time 0:568098768):
   | R0 R1 R2 R3 R4
---+---------------
P0 | 1  0  0  0  0 
P1 | 0  0  1  0  0 
AV | 9  10  9  10  10 

Current Resource Table (Time 0:568303982):
   | R0 R1 R2 R3 R4
---+---------------
P0 | 1  0  0  0  0 
P1 | 0  0  1  0  0 
AV | 9  10  9  10  10 

Current Resource Table (Time 0:569110048):
   | R0 R1 R2 R3 R4
---+---------------
P0 | 1  0  0  0  0 
P1 | 0  0  1  0  0 
AV | 9  10  9  10  10 

Current Resource Table (Time 0:569464846):
   | R0 R1 R2 R3 R4
---+---------------
P0 | 1  0  0  0  0 
P1 | 0  0  1  0  0 
AV | 9  10  9  10  10 

Current Resource Table (Time 0:569961870):
   | R0 R1 R2 R3 R4
---+---------------
P0 | 1  0  0  0  0 
P1 | 0  0  1  0  0 
AV | 9  10  9  10  10 

Current Resource Table (Time 0:570536580):
   | R0 R1 R2 R3 R4
---+---------------
P0 | 1  0  0  0  0 
P1 | 0  0  1  0  0 
AV | 9  10  9  10  10 

Current Resource Table (Time 0:570572349):
   | R0 R1 R2 R3 R4
---+---------------
P0 | 1  0  0  0  0 
P1 | 0  0  1  0  0 
AV | 9  10  9  10  10 

Current Resource Table (Time 0:571136306):
   | R0 R1 R2 R3 R4
---+---------------
P0 | 1  0  0  0  0 
P1 | 0  0  1  0  0 
AV | 9  10  9  10  10 

Current Resource Table (Time 0:571536593):
   | R0 R1 R2 R3 R4
---+---------------
P0 | 1  0  0  0  0 
P1 | 0  0  1  0  0 
AV | 9  10  9  10  10 

Current Resource Table (Time 0:571735164):
   | R0 R1 R2 R3 R4
---+---------------
P0 | 1  0  0  0  0 
P1 | 0  0  1  0  0 
AV | 9  10  9  10  10 

Current Resource Table (Time 0:572591504):
   | R0 R1 R2 R3 R4
---+---------------
P0 | 1  0  0  0  0 
P1 | 0  0  1  0  0 
AV | 9  10  9  10  10 

Current Resource Table (Time 0:573246599):
   | R0 R1 R2 R3 R4
---+---------------
P0 | 1  0  0  0  0 
P1 | 0  0  1  0  0 
AV | 9  10  9  10  10 

Current Resource Table (Time 0:573830594):
   | R0 R1 R2 R3 R4
---+---------------
P0 | 1  0  0  0  0 
P1 | 0  0  1  0  0 
AV | 9  10  9  10  10 

Current Resource Table (Time 0:573840922):
   | R0 R1 R2 R3 R4
---+---------------
P0 | 1  0  0  0  0 
P1 | 0  0  1  0  0 
AV | 9  10  9  10  10 

Current Resource Table (Time 0:574130604):
   | R0 R1 R2 R3 R4
---+---------------
P0 | 1  0  0  0  0 
P1 | 0  0  1  0  0 
AV | 9  10  9  10  10 

Current Resource Table (Time 0:574985269):
   | R0 R1 R2 R3 R4
---+---------------
P0 | 1  0  0  0  0 
P1 | 0  0  1  0  0 
AV | 9  10  9  10  10 

Current Resource Table (Time 0:575280848):
   | R0 R1 R2 R3 R4
---+---------------
P0 | 1  0  0  0  0 
P1 | 0  0  1  0  0 
AV | 9  10  9  10  10 

Current Resource Table (Time 0:575526264):
   | R0 R1 R2 R3 R4
---+---------------
P0 | 1  0  0  0  0 
P1 | 0  0  1  0  0 
AV | 9  10  9  10  10 

Current Resource Table (Time 0:575550882):
   | R0 R1 R2 R3 R4
---+---------------
P0 | 1  0  0  0  0 
P1 | 0  0  1  0  0 
AV | 9  10  9  10  10 

Current Resource Table (Time 0:575882780):
   | R0 R1 R2 R3 R4
---+---------------
P0 | 1  0  0  0  0 
P1 | 0  0  1  0  0 
AV | 9  10  9  10  10 

Current Resource Table (Time 0:576216275):
   | R0 R1 R2 R3 R4
---+---------------
P0 | 1  0  0  0  0 
P1 | 0  0  1  0  0 
AV | 9  10  9  10  10 

Current Resource Table (Time 0:576546538):
   | R0 R1 R2 R3 R4
---+---------------
P0 | 1  0  0  0  0 
P1 | 0  0  1  0  0 
AV | 9  10  9  10  10 

Current Resource Table (Time 0:576882607):
   | R0 R1 R2 R3 R4
---+---------------
P0 | 1  0  0  0  0 
P1 | 0  0  1  0  0 
AV | 9  10  9  10  10 

Current Resource Table (Time 0:577060804):
   | R0 R1 R2 R3 R4
---+---------------
P0 | 1  0  0  0  0 
P1 | 0  0  1  0  0 
AV | 9  10  9  10  10 

Current Resource Table (Time 0:577784814):
   | R0 R1 R2 R3 R4
---+---------------
P0 | 1  0  0  0  0 
P1 | 0  0  1  0  0 
AV | 9  10  9  10  10 

Current Resource Table (Time 0:577915319):
   | R0 R1 R2 R3 R4
---+---------------
P0 | 1  0  0  0  0 
P1 | 0  0  1  0  0 
AV | 9  10  9  10  10 

Current Resource Table (Time 0:578448296):
   | R0 R1 R2 R3 R4
---+---------------
P0 | 1  0  0  0  0 
P1 | 0  0  1  0  0 
AV | 9  10  9  10  10 

Current Resource Table (Time 0:578672706):
   | R0 R1 R2 R3 R4
---+---------------
P0 | 1  0  0  0  0 
P1 | 0  0  1  0  0 
AV | 9  10  9  10  10 

Current Resource Table (Time 0:579424099):
   | R0 R1 R2 R3 R4
---+---------------
P0 | 1  0  0  0  0 
P1 | 0  0  1  0  0 
AV | 9  10  9  10  10 

Current Resource Table (Time 0:579899732):
   | R0 R1 R2 R3 R4
---+---------------
P0 | 1  0  0  0  0 
P1 | 0  0  1  0  0 
AV | 9  10  9  10  10 

Current Resource Table (Time 0:580666688):
   | R0 R1 R2 R3 R4
---+---------------
P0 | 1  0  0  0  0 
P1 | 0  0  1  0  0 
AV | 9  10  9  10  10 

Current Resource Table (Time 0:581235135):
   | R0 R1 R2 R3 R4
---+---------------
P0 | 1  0  0  0  0 
P1 | 0  0  1  0  0 
AV | 9  10  9  10  10 

Current Resource Table (Time 0:581422334):
   | R0 R1 R2 R3 R4
---+---------------
P0 | 1  0  0  0  0 
P1 | 0  0  1  0  0 
AV | 9  10  9  10  10 

Current Resource Table (Time 0:581501708):
   | R0 R1 R2 R3 R4
---+---------------
P0 | 1  0  0  0  0 
P1 | 0  0  1  0  0 
AV | 9  10  9  10  10 

Current Resource Table (Time 0:581931305):
   | R0 R1 R2 R3 R4
---+---------------
P0 | 1  0  0  0  0 
P1 | 0  0  1  0  0 
AV | 9  10  9  10  10 

Current Resource Table (Time 0:582121880):
   | R0 R1 R2 R3 R4
---+---------------
P0 | 1  0  0  0  0 
P1 | 0  0  1  0  0 
AV | 9  10  9  10  10 

Current Resource Table (Time 0:582765965):
   | R0 R1 R2 R3 R4
---+---------------
P0 | 1  0  0  0  0 
P1 | 0  0  1  0  0 
AV | 9  10  9  10  10 

Current Resource Table (Time 0:583221332):
   | R0 R1 R2 R3 R4
---+---------------
P0 | 1  0  0  0  0 
P1 | 0  0  1  0  0 
AV | 9  10  9  10  10 

Current Resource Table (Time 0:583965864):
   | R0 R1 R2 R3 R4
---+---------------
P0 | 1  0  0  0  0 
P1 | 0  0  1  0  0 
AV | 9  10  9  10  10 

Current Resource Table (Time 0:584516588):
   | R0 R1 R2 R3 R4
---+---------------
P0 | 1  0  0  0  0 
P1 | 0  0  1  0  0 
AV | 9  10  9  10  10 

Current Resource Table (Time 0:584676878):
   | R0 R1 R2 R3 R4
---+---------------
P0 | 1  0  0  0  0 
P1 | 0  0  1  0  0 
AV | 9  10  9  10  10 

Current Resource Table (Time 0:584784102):
   | R0 R1 R2 R3 R4
---+---------------
P0 | 1  0  0  0  0 
P1 | 0  0  1  0  0 
AV | 9  10  9  10  10 

Current Resource Table (Time 0:584979922):
   | R0 R1 R2 R3 R4
---+---------------
P0 | 1  0  0  0  0 
P1 | 0  0  1  0  0 
AV | 9  10  9  10  10 

Current Resource Table (Time 0:585714208):
   | R0 R1 R2 R3 R4
---+---------------
P0 | 1  0  0  0  0 
P1 | 0  0  1  0  0 
AV | 9  10  9  10  10 

Current Resource Table (Time 0:586338113):
   | R0 R1 R2 R3 R4
---+---------------
P0 | 1  0  0  0  0 
P1 | 0  0  1  0  0 
AV | 9  10  9  10  10 

Current Resource Table (Time 0:586813615):
   | R0 R1 R2 R3 R4
---+---------------
P0 | 1  0  0  0  0 
P1 | 0  0  1  0  0 
AV | 9  10  9  10  10 

Current Resource Table (Time 0:586908918):
   | R0 R1 R2 R3 R4
---+---------------
P0 | 1  0  0  0  0 
P1 | 0  0  1  0  0 
AV | 9  10  9  10  10 

Current Resource Table (Time 0:587334754):
   | R0 R1 R2 R3 R4
---+---------------
P0 | 1  0  0  0  0 
P1 | 0  0  1  0  0 
AV | 9  10  9  10  10 

Current Resource Table (Time 0:587562024):
   | R0 R1 R2 R3 R4
---+---------------
P0 | 1  0  0  0  0 
P1 | 0  0  1  0  0 
AV | 9  10  9  10  10 

Current Resource Table (Time 0:588188298):
   | R0 R1 R2 R3 R4
---+---------------
P0 | 1  0  0  0  0 
P1 | 0  0  1  0  0 
AV | 9  10  9  10  10 

Current Resource Table (Time 0:588452384):
   | R0 R1 R2 R3 R4
---+---------------
P0 | 1  0  0  0  0 
P1 | 0  0  1  0  0 
AV | 9  10  9  10  10 

Current Resource Table (Time 0:589003149):
   | R0 R1 R2 R3 R4
---+---------------
P0 | 1  0  0  0  0 
P1 | 0  0  1  0  0 
AV | 9  10  9  10  10 

Current Resource Table (Time 0:589949686):
   | R0 R1 R2 R3 R4
---+---------------
P0 | 1  0  0  0  0 
P1 | 0  0  1  0  0 
AV | 9  10  9  10  10 

Current Resource Table (Time 0:590056193):
   | R0 R1 R2 R3 R4
---+---------------
P0 | 1  0  0  0  0 
P1 | 0  0  1  0  0 
AV | 9  10  9  10  10 

Current Resource Table (Time 0:590291508):
   | R0 R1 R2 R3 R4
---+---------------
P0 | 1  0  0  0  0 
P1 | 0  0  1  0  0 
AV | 9  10  9  10  10 

Current Resource Table (Time 0:590952056):
   | R0 R1 R2 R3 R4
---+---------------
P0 | 1  0  0  0  0 
P1 | 0  0  1  0  0 
AV | 9  10  9  10  10 

Current Resource Table (Time 0:591179068):
   | R0 R1 R2 R3 R4
---+---------------
P0 | 1  0  0  0  0 
P1 | 0  0  1  0  0 
AV | 9  10  9  10  10 

Current Resource Table (Time 0:591937360):
   | R0 R1 R2 R3 R4
---+---------------
P0 | 1  0  0  0  0 
P1 | 0  0  1  0  0 
AV | 9  10  9  10  10 

Current Resource Table (Time 0:592328670):
   | R0 R1 R2 R3 R4
---+---------------
P0 | 1  0  0  0  0 
P1 | 0  0  1  0  0 
AV | 9  10  9  10  10 

Current Resource Table (Time 0:592813427):
   | R0 R1 R2 R3 R4
---+---------------
P0 | 1  0  0  0  0 
P1 | 0  0  1  0  0 
AV | 9  10  9  10  10 

Current Resource Table (Time 0:593553704):
   | R0 R1 R2 R3 R4
---+---------------
P0 | 1  0  0  0  0 
P1 | 0  0  1  0  0 
AV | 9  10  9  10  10 

Current Resource Table (Time 0:594218322):
   | R0 R1 R2 R3 R4
---+---------------
P0 | 1  0  0  0  0 
P1 | 0  0  1  0  0 
AV | 9  10  9  10  10 

Current Resource Table (Time 0:594777879):
   | R0 R1 R2 R3 R4
---+---------------
P0 | 1  0  0  0  0 
P1 | 0  0  1  0  0 
AV | 9  10  9  10  10 

Current Resource Table (Time 0:595211707):
   | R0 R1 R2 R3 R4
---+---------------
P0 | 1  0  0  0  0 
P1 | 0  0  1  0  0 
AV | 9  10  9  10  10 

Current Resource Table (Time 0:595462052):
   | R0 R1 R2 R3 R4
---+---------------
P0 | 1  0  0  0  0 
P1 | 0  0  1  0  0 
AV | 9  10  9  10  10 

Current Resource Table (Time 0:596441206):
   | R0 R1 R2 R3 R4
---+---------------
P0 | 1  0  0  0  0 
P1 | 0  0  1  0  0 
AV | 9  10  9  10  10 

Current Resource Table (Time 0:597055609):
   | R0 R1 R2 R3 R4
---+---------------
P0 | 1  0  0  0  0 
P1 | 0  0  1  0  0 
AV | 9  10  9  10  10 

Current Resource Table (Time 0:597456391):
   | R0 R1 R2 R3 R4
---+---------------
P0 | 1  0  0  0  0 
P1 | 0  0  1  0  0 
AV | 9  10  9  10  10 

Current Resource Table (Time 0:598397264):
   | R0 R1 R2 R3 R4
---+---------------
P0 | 1  0  0  0  0 
P1 | 0  0  1  0  0 
AV | 9  10  9  10  10 

Current Resource Table (Time 0:598746199):
   | R0 R1 R2 R3 R4
---+---------------
P0 | 1  0  0  0  0 
P1 | 0  0  1  0  0 
AV | 9  10  9  10  10 

Current Resource Table (Time 0:599687705):
   | R0 R1 R2 R3 R4
---+---------------
P0 | 1  0  0  0  0 
P1 | 0  0  1  0  0 
AV | 9  10  9  10  10 

Current Resource Table (Time 0:599778869):
   | R0 R1 R2 R3 R4
---+---------------
P0 | 1  0  0  0  0 
P1 | 0  0  1  0  0 
AV | 9  10  9  10  10 

Current Resource Table (Time 0:600741381):
   | R0 R1 R2 R3 R4
---+---------------
P0 | 1  0  0  0  0 
P1 | 0  0  1  0  0 
AV | 9  10  9  10  10 

Current Resource Table (Time 0:601385059):
   | R0 R1 R2 R3 R4
---+---------------
P0 | 1  0  0  0  0 
P1 | 0  0  1  0  0 
AV | 9  10  9  10  10 

Current Resource Table (Time 0:601716861):
   | R0 R1 R2 R3 R4
---+---------------
P0 | 1  0  0  0  0 
P1 | 0  0  1  0  0 
AV | 9  10  9  10  10 

Current Resource Table (Time 0:602293278):
   | R0 R1 R2 R3 R4
---+---------------
P0 | 1  0  0  0  0 
P1 | 0  0  1  0  0 
AV | 9  10  9  10  10 

Current Resource Table (Time 0:602918810):
   | R0 R1 R2 R3 R4
---+---------------
P0 | 1  0  0  0  0 
P1 | 0  0  1  0  0 
AV | 9  10  9  10  10 

Current Resource Table (Time 0:603335915):
   | R0 R1 R2 R3 R4
---+---------------
P0 | 1  0  0  0  0 
P1 | 0  0  1  0  0 
AV | 9  10  9  10  10 

Current Resource Table (Time 0:603844520):
   | R0 R1 R2 R3 R4
---+---------------
P0 | 1  0  0  0  0 
P1 | 0  0  1  0  0 
AV | 9  10  9  10  10 

Current Resource Table (Time 0:604687322):
   | R0 R1 R2 R3 R4
---+---------------
P0 | 1  0  0  0  0 
P1 | 0  0  1  0  0 
AV | 9  10  9  10  10 

Current Resource Table (Time 0:604720701):
   | R0 R1 R2 R3 R4
---+---------------
P0 | 1  0  0  0  0 
P1 | 0  0  1  0  0 
AV | 9  10  9  10  10 

Current Resource Table (Time 0:605483393):
   | R0 R1 R2 R3 R4
---+---------------
P0 | 1  0  0  0  0 
P1 | 0  0  1  0  0 
AV | 9  10  9  10  10 

Current Resource Table (Time 0:606383313):
   | R0 R1 R2 R3 R4
---+---------------
P0 | 1  0  0  0  0 
P1 | 0  0  1  0  0 
AV | 9  10  9  10  10 

Current Resource Table (Time 0:606869582):
   | R0 R1 R2 R3 R4
---+---------------
P0 | 1  0  0  0  0 
P1 | 0  0  1  0  0 
AV | 9  10  9  10  10 

Current Resource Table (Time 0:607728781):
   | R0 R1 R2 R3 R4
---+---------------
P0 | 1  0  0  0  0 
P1 | 0  0  1  0  0 
AV | 9  10  9  10  10 

Current Resource Table (Time 0:607854016):
   | R0 R1 R2 R3 R4
---+---------------
P0 | 1  0  0  0  0 
P1 | 0  0  1  0  0 
AV | 9  10  9  10  10 

Current Resource Table (Time 0:607990833):
   | R0 R1 R2 R3 R4
---+---------------
P0 | 1  0  0  0  0 
P1 | 0  0  1  0  0 
AV | 9  10  9  10  10 

Current Resource Table (Time 0:608583397):
   | R0 R1 R2 R3 R4
---+---------------
P0 | 1  0  0  0  0 
P1 | 0  0  1  0  0 
AV | 9  10  9  10  10 

Current Resource Table (Time 0:608973276):
   | R0 R1 R2 R3 R4
---+---------------
P0 | 1  0  0  0  0 
P1 | 0  0  1  0  0 
AV | 9  10  9  10  10 

Current Resource Table (Time 0:609007755):
   | R0 R1 R2 R3 R4
---+---------------
P0 | 1  0  0  0  0 
P1 | 0  0  1  0  0 
AV | 9  10  9  10  10 

Current Resource Table (Time 0:609075076):
   | R0 R1 R2 R3 R4
---+---------------
P0 | 1  0  0  0  0 
P1 | 0  0  1  0  0 
AV | 9  10  9  10  10 

Current Resource Table (Time 0:609711585):
   | R0 R1 R2 R3 R4
---+---------------
P0 | 1  0  0  0  0 
P1 | 0  0  1  0  0 
AV | 9  10  9  10  10 

Current Resource Table (Time 0:609917035):
   | R0 R1 R2 R3 R4
---+---------------
P0 | 1  0  0  0  0 
P1 | 0  0  1  0  0 
AV | 9  10  9  10  10 

Current Resource Table (Time 0:610050265):
   | R0 R1 R2 R3 R4
---+---------------
P0 | 1  0  0  0  0 
P1 | 0  0  1  0  0 
AV | 9  10  9  10  10 

Current Resource Table (Time 0:610110602):
   | R0 R1 R2 R3 R4
---+---------------
P0 | 1  0  0  0  0 
P1 | 0  0  1  0  0 
AV | 9  10  9  10  10 

Current Resource Table (Time 0:611072749):
   | R0 R1 R2 R3 R4
---+---------------
P0 | 1  0  0  0  0 
P1 | 0  0  1  0  0 
AV | 9  10  9  10  10 

Current Resource Table (Time 0:611691486):
   | R0 R1 R2 R3 R4
---+---------------
P0 | 1  0  0  0  0 
P1 | 0  0  1  0  0 
AV | 9  10  9  10  10 

Current Resource Table (Time 0:612356227):
   | R0 R1 R2 R3 R4
---+---------------
P0 | 1  0  0  0  0 
P1 | 0  0  1  0  0 
AV | 9  10  9  10  10 

Current Resource Table (Time 0:612709156):
   | R0 R1 R2 R3 R4
---+---------------
P0 | 1  0  0  0  0 
P1 | 0  0  1  0  0 
AV | 9  10  9  10  10 

Current Resource Table (Time 0:613258766):
   | R0 R1 R2 R3 R4
---+---------------
P0 | 1  0  0  0  0 
P1 | 0  0  1  0  0 
AV | 9  10  9  10  10 

Current Resource Table (Time 0:613778794):
   | R0 R1 R2 R3 R4
---+---------------
P0 | 1  0  0  0  0 
P1 | 0  0  1  0  0 
AV | 9  10  9  10  10 

Current Resource Table (Time 0:614579581):
   | R0 R1 R2 R3 R4
---+---------------
P0 | 1  0  0  0  0 
P1 | 0  0  1  0  0 
AV | 9  10  9  10  10 

Current Resource Table (Time 0:614726707):
   | R0 R1 R2 R3 R4
---+---------------
P0 | 1  0  0  0  0 
P1 | 0  0  1  0  0 
AV | 9  10  9  10  10 

Current Resource Table (Time 0:615199247):
   | R0 R1 R2 R3 R4
---+---------------
P0 | 1  0  0  0  0 
P1 | 0  0  1  0  0 
AV | 9  10  9  10  10 

Current Resource Table (Time 0:615633713):
   | R0 R1 R2 R3 R4
---+---------------
P0 | 1  0  0  0  0 
P1 | 0  0  1  0  0 
AV | 9  10  9  10  10 

Current Resource Table (Time 0:616618993):
   | R0 R1 R2 R3 R4
---+---------------
P0 | 1  0  0  0  0 
P1 | 0  0  1  0  0 
AV | 9  10  9  10  10 

Current Resource Table (Time 0:617174302):
   | R0 R1 R2 R3 R4
---+---------------
P0 | 1  0  0  0  0 
P1 | 0  0  1  0  0 
AV | 9  10  9  10  10 

Current Resource Table (Time 0:617740652):
   | R0 R1 R2 R3 R4
---+---------------
P0 | 1  0  0  0  0 
P1 | 0  0  1  0  0 
AV | 9  10  9  10  10 

Current Resource Table (Time 0:618649390):
   | R0 R1 R2 R3 R4
---+---------------
P0 | 1  0  0  0  0 
P1 | 0  0  1  0  0 
AV | 9  10  9  10  10 

Current Resource Table (Time 0:619219657):
   | R0 R1 R2 R3 R4
---+---------------
P0 | 1  0  0  0  0 
P1 | 0  0  1  0  0 
AV | 9  10  9  10  10 

Current Resource Table (Time 0:619618810):
   | R0 R1 R2 R3 R4
---+---------------
P0 | 1  0  0  0  0 
P1 | 0  0  1  0  0 
AV | 9  10  9  10  10 

Current Resource Table (Time 0:620067279):
   | R0 R1 R2 R3 R4
---+---------------
P0 | 1  0  0  0  0 
P1 | 0  0  1  0  0 
AV | 9  10  9  10  10 

Current Resource Table (Time 0:620390238):
   | R0 R1 R2 R3 R4
---+---------------
P0 | 1  0  0  0  0 
P1 | 0  0  1  0  0 
AV | 9  10  9  10  10 

Current Resource Table (Time 0:621195663):
   | R0 R1 R2 R3 R4
---+---------------
P0 | 1  0  0  0  0 
P1 | 0  0  1  0  0 
AV | 9  10  9  10  10 

Current Resource Table (Time 0:622120401):
   | R0 R1 R2 R3 R4
---+---------------
P0 | 1  0  0  0  0 
P1 | 0  0  1  0  0 
AV | 9  10  9  10  10 

Current Resource Table (Time 0:622808911):
   | R0 R1 R2 R3 R4
---+---------------
P0 | 1  0  0  0  0 
P1 | 0  0  1  0  0 
AV | 9  10  9  10  10 

Current Resource Table (Time 0:623729571):
   | R0 R1 R2 R3 R4
---+---------------
P0 | 1  0  0  0  0 
P1 | 0  0  1  0  0 
AV | 9  10  9  10  10 

Current Resource Table (Time 0:624297478):
   | R0 R1 R2 R3 R4
---+---------------
P0 | 1  0  0  0  0 
P1 | 0  0  1  0  0 
AV | 9  10  9  10  10 

Current Resource Table (Time 0:624568552):
   | R0 R1 R2 R3 R4
---+---------------
P0 | 1  0  0  0  0 
P1 | 0  0  1  0  0 
AV | 9  10  9  10  10 

Current Resource Table (Time 0:624869091):
   | R0 R1 R2 R3 R4
---+---------------
P0 | 1  0  0  0  0 
P1 | 0  0  1  0  0 
AV | 9  10  9  10  10 

Current Resource Table (Time 0:624977830):
   | R0 R1 R2 R3 R4
---+---------------
P0 | 1  0  0  0  0 
P1 | 0  0  1  0  0 
AV | 9  10  9  10  10 

Current Resource Table (Time 0:625822578):
   | R0 R1 R2 R3 R4
---+---------------
P0 | 1  0  0  0  0 
P1 | 0  0  1  0  0 
AV | 9  10  9  10  10 

Current Resource Table (Time 0:626265978):
   | R0 R1 R2 R3 R4
---+---------------
P0 | 1  0  0  0  0 
P1 | 0  0  1  0  0 
AV | 9  10  9  10  10 

Current Resource Table (Time 0:626570167):
   | R0 R1 R2 R3 R4
---+---------------
P0 | 1  0  0  0  0 
P1 | 0  0  1  0  0 
AV | 9  10  9  10  10 

Current Resource Table (Time 0:627538145):
   | R0 R1 R2 R3 R4
---+---------------
P0 | 1  0  0  0  0 
P1 | 0  0  1  0  0 
AV | 9  10  9  10  10 

Current Resource Table (Time 0:628031883):
   | R0 R1 R2 R3 R4
---+---------------
P0 | 1  0  0  0  0 
P1 | 0  0  1  0  0 
AV | 9  10  9  10  10 

Current Resource Table (Time 0:628288219):
   | R0 R1 R2 R3 R4
---+---------------
P0 | 1  0  0  0  0 
P1 | 0  0  1  0  0 
AV | 9  10  9  10  10 

Current Resource Table (Time 0:628381286):
   | R0 R1 R2 R3 R4
---+---------------
P0 | 1  0  0  0  0 
P1 | 0  0  1  0  0 
AV | 9  10  9  10  10 

Current Resource Table (Time 0:629046117):
   | R0 R1 R2 R3 R4
---+---------------
P0 | 1  0  0  0  0 
P1 | 0  0  1  0  0 
AV | 9  10  9  10  10 

Current Resource Table (Time 0:629161734):
   | R0 R1 R2 R3 R4
---+---------------
P0 | 1  0  0  0  0 
P1 | 0  0  1  0  0 
AV | 9  10  9  10  10 

Current Resource Table (Time 0:629310764):
   | R0 R1 R2 R3 R4
---+---------------
P0 | 1  0  0  0  0 
P1 | 0  0  1  0  0 
AV | 9  10  9  10  10 

Current Resource Table (Time 0:629485623):
   | R0 R1 R2 R3 R4
---+---------------
P0 | 1  0  0  0  0 
P1 | 0  0  1  0  0 
AV | 9  10  9  10  10 

Current Resource Table (Time 0:630392027):
   | R0 R1 R2 R3 R4
---+---------------
P0 | 1  0  0  0  0 
P1 | 0  0  1  0  0 
AV | 9  10  9  10  10 

Current Resource Table (Time 0:630678183):
   | R0 R1 R2 R3 R4
---+---------------
P0 | 1  0  0  0  0 
P1 | 0  0  1  0  0 
AV | 9  10  9  10  10 

Current Resource Table (Time 0:630831935):
   | R0 R1 R2 R3 R4
---+---------------
P0 | 1  0  0  0  0 
P1 | 0  0  1  0  0 
AV | 9  10  9  10  10 

Current Resource Table (Time 0:631679157):
   | R0 R1 R2 R3 R4
---+---------------
P0 | 1  0  0  0  0 
P1 | 0  0  1  0  0 
AV | 9  10  9  10  10 

Current Resource Table (Time 0:632456946):
   | R0 R1 R2 R3 R4
---+---------------
P0 | 1  0  0  0  0 
P1 | 0  0  1  0  0 
AV | 9  10  9  10  10 

Current Resource Table (Time 0:632672359):
   | R0 R1 R2 R3 R4
---+---------------
P0 | 1  0  0  0  0 
P1 | 0  0  1  0  0 
AV | 9  10  9  10  10 

Current Resource Table (Time 0:633075932):
   | R0 R1 R2 R3 R4
---+---------------
P0 | 1  0  0  0  0 
P1 | 0  0  1  0  0 
AV | 9  10  9  10  10 

Current Resource Table (Time 0:633752459):
   | R0 R1 R2 R3 R4
---+---------------
P0 | 1  0  0  0  0 
P1 | 0  0  1  0  0 
AV | 9  10  9  10  10 

Current Resource Table (Time 0:634528139):
   | R0 R1 R2 R3 R4
---+---------------
P0 | 1  0  0  0  0 
P1 | 0  0  1  0  0 
AV | 9  10  9  10  10 

Current Resource Table (Time 0:634837217):
   | R0 R1 R2 R3 R4
---+---------------
P0 | 1  0  0  0  0 
P1 | 0  0  1  0  0 
AV | 9  10  9  10  10 

Current Resource Table (Time 0:634952213):
   | R0 R1 R2 R3 R4
---+---------------
P0 | 1  0  0  0  0 
P1 | 0  0  1  0  0 
AV | 9  10  9  10  10 

Current Resource Table (Time 0:635040852):
   | R0 R1 R2 R3 R4
---+---------------
P0 | 1  0  0  0  0 
P1 | 0  0  1  0  0 
AV | 9  10  9  10  10 

Current Resource Table (Time 0:635145355):
   | R0 R1 R2 R3 R4
---+---------------
P0 | 1  0  0  0  0 
P1 | 0  0  1  0  0 
AV | 9  10  9  10  10 

Current Resource Table (Time 0:635175090):
   | R0 R1 R2 R3 R4
---+---------------
P0 | 1  0  0  0  0 
P1 | 0  0  1  0  0 
AV | 9  10  9  10  10 

Current Resource Table (Time 0:635458592):
   | R0 R1 R2 R3 R4
---+---------------
P0 | 1  0  0  0  0 
P1 | 0  0  1  0  0 
AV | 9  10  9  10  10 

Current Resource Table (Time 0:635473755):
   | R0 R1 R2 R3 R4
---+---------------
P0 | 1  0  0  0  0 
P1 | 0  0  1  0  0 
AV | 9  10  9  10  10 

Current Resource Table (Time 0:635577749):
   | R0 R1 R2 R3 R4
---+---------------
P0 | 1  0  0  0  0 
P1 | 0  0  1  0  0 
AV | 9  10  9  10  10 

Current Resource Table (Time 0:636122325):
   | R0 R1 R2 R3 R4
---+---------------
P0 | 1  0  0 